<?xml version="1.0" encoding="UTF-8"?>
<testsuite name="ru.netology.WallServiseTest" tests="5" skipped="0" failures="0" errors="0" timestamp="2022-04-02T10:33:53" hostname="ADMIN-DNS" time="0.187">
  <properties/>
  <testcase name="createCommentWithExceptionTest" classname="ru.netology.WallServiseTest" time="0.186"/>
  <testcase name="createCommentTest" classname="ru.netology.WallServiseTest" time="0.001"/>
  <testcase name="addTest" classname="ru.netology.WallServiseTest" time="0.0"/>
  <testcase name="updateTestTrue" classname="ru.netology.WallServiseTest" time="0.0"/>
  <testcase name="updateTestFalse" classname="ru.netology.WallServiseTest" time="0.0"/>
  <system-out><![CDATA[]]></system-out>
  <system-err><![CDATA[]]></system-err>
</testsuite>
